Arguments: 
  /Users/nerdchanii/.nvm/versions/node/v14.19.0/bin/node /Users/nerdchanii/.nvm/versions/node/v14.19.0/bin/yarn init -w

PATH: 
  /Users/nerdchanii/.gem/bin:/Users/nerdchanii/.nvm/versions/node/v14.19.0/bin:/opt/homebrew/bin:/opt/homebrew/sbin:/usr/local/bin:/System/Cryptexes/App/usr/bin:/usr/bin:/bin:/usr/sbin:/sbin:/Library/Apple/usr/bin:/Users/nerdchanii/.gem/bin:/Users/nerdchanii/.nvm/versions/node/v14.19.0/bin:/opt/homebrew/bin:/opt/homebrew/sbin:/Users/nerdchanii/.cargo/bin

Yarn version: 
  1.22.17

Node version: 
  14.19.0

Platform: 
  darwin x64

Trace: 
  Error: canceled
      at Interface.<anonymous> (/Users/nerdchanii/.nvm/versions/node/v14.19.0/lib/node_modules/yarn/lib/cli.js:137143:13)
      at Interface.emit (events.js:400:28)
      at Interface._ttyWrite (readline.js:1001:16)
      at ReadStream.onkeypress (readline.js:265:10)
      at ReadStream.emit (events.js:400:28)
      at emitKeys (internal/readline/utils.js:358:14)
      at emitKeys.next (<anonymous>)
      at ReadStream.onData (readline.js:1270:36)
      at ReadStream.emit (events.js:400:28)
      at addChunk (internal/streams/readable.js:293:12)

npm manifest: 
  No manifest

yarn manifest: 
  No manifest

Lockfile: 
  No lockfile
